Analysis & Synthesis report for top_clock1
Thu Apr  4 11:03:48 2024
Quartus Prime Version 23.1std.0 Build 991 11/28/2023 SC Lite Edition


---------------------
; Table of Contents ;
---------------------
  1. Legal Notice
  2. Analysis & Synthesis Summary
  3. Analysis & Synthesis Settings
  4. Parallel Compilation
  5. Analysis & Synthesis Source Files Read
  6. Analysis & Synthesis Resource Usage Summary
  7. Analysis & Synthesis Resource Utilization by Entity
  8. Registers Removed During Synthesis
  9. Removed Registers Triggering Further Register Optimizations
 10. General Register Statistics
 11. Port Connectivity Checks: "led_mon:dmon"
 12. Post-Synthesis Netlist Statistics for Top Partition
 13. Elapsed Time Per Partition
 14. Analysis & Synthesis Messages



----------------
; Legal Notice ;
----------------
Copyright (C) 2023  Intel Corporation. All rights reserved.
Your use of Intel Corporation's design tools, logic functions 
and other software and tools, and any partner logic 
functions, and any output files from any of the foregoing 
(including device programming or simulation files), and any 
associated documentation or information are expressly subject 
to the terms and conditions of the Intel Program License 
Subscription Agreement, the Intel Quartus Prime License Agreement,
the Intel FPGA IP License Agreement, or other applicable license
agreement, including, without limitation, that your use is for
the sole purpose of programming logic devices manufactured by
Intel and sold by Intel or its authorized distributors.  Please
refer to the applicable agreement for further details, at
https://fpgasoftware.intel.com/eula.



+----------------------------------------------------------------------------------+
; Analysis & Synthesis Summary                                                     ;
+---------------------------------+------------------------------------------------+
; Analysis & Synthesis Status     ; Successful - Thu Apr  4 11:03:48 2024          ;
; Quartus Prime Version           ; 23.1std.0 Build 991 11/28/2023 SC Lite Edition ;
; Revision Name                   ; top_clock1                                     ;
; Top-level Entity Name           ; top_clock1                                     ;
; Family                          ; Cyclone V                                      ;
; Logic utilization (in ALMs)     ; N/A                                            ;
; Total registers                 ; 25                                             ;
; Total pins                      ; 50                                             ;
; Total virtual pins              ; 0                                              ;
; Total block memory bits         ; 0                                              ;
; Total DSP Blocks                ; 0                                              ;
; Total HSSI RX PCSs              ; 0                                              ;
; Total HSSI PMA RX Deserializers ; 0                                              ;
; Total HSSI TX PCSs              ; 0                                              ;
; Total HSSI PMA TX Serializers   ; 0                                              ;
; Total PLLs                      ; 0                                              ;
; Total DLLs                      ; 0                                              ;
+---------------------------------+------------------------------------------------+


+---------------------------------------------------------------------------------------------------------------------------+
; Analysis & Synthesis Settings                                                                                             ;
+---------------------------------------------------------------------------------+--------------------+--------------------+
; Option                                                                          ; Setting            ; Default Value      ;
+---------------------------------------------------------------------------------+--------------------+--------------------+
; Device                                                                          ; 5CGXFC7C7F23C8     ;                    ;
; Top-level entity name                                                           ; top_clock1         ; top_clock1         ;
; Family name                                                                     ; Cyclone V          ; Cyclone V          ;
; Use smart compilation                                                           ; Off                ; Off                ;
; Enable parallel Assembler and Timing Analyzer during compilation                ; On                 ; On                 ;
; Enable compact report table                                                     ; Off                ; Off                ;
; Restructure Multiplexers                                                        ; Auto               ; Auto               ;
; MLAB Add Timing Constraints For Mixed-Port Feed-Through Mode Setting Don't Care ; Off                ; Off                ;
; Create Debugging Nodes for IP Cores                                             ; Off                ; Off                ;
; Preserve fewer node names                                                       ; On                 ; On                 ;
; Intel FPGA IP Evaluation Mode                                                   ; Enable             ; Enable             ;
; Verilog Version                                                                 ; Verilog_2001       ; Verilog_2001       ;
; VHDL Version                                                                    ; VHDL_1993          ; VHDL_1993          ;
; State Machine Processing                                                        ; Auto               ; Auto               ;
; Safe State Machine                                                              ; Off                ; Off                ;
; Extract Verilog State Machines                                                  ; On                 ; On                 ;
; Extract VHDL State Machines                                                     ; On                 ; On                 ;
; Ignore Verilog initial constructs                                               ; Off                ; Off                ;
; Iteration limit for constant Verilog loops                                      ; 5000               ; 5000               ;
; Iteration limit for non-constant Verilog loops                                  ; 250                ; 250                ;
; Add Pass-Through Logic to Inferred RAMs                                         ; On                 ; On                 ;
; Infer RAMs from Raw Logic                                                       ; On                 ; On                 ;
; Parallel Synthesis                                                              ; On                 ; On                 ;
; DSP Block Balancing                                                             ; Auto               ; Auto               ;
; NOT Gate Push-Back                                                              ; On                 ; On                 ;
; Power-Up Don't Care                                                             ; On                 ; On                 ;
; Remove Redundant Logic Cells                                                    ; Off                ; Off                ;
; Remove Duplicate Registers                                                      ; On                 ; On                 ;
; Ignore CARRY Buffers                                                            ; Off                ; Off                ;
; Ignore CASCADE Buffers                                                          ; Off                ; Off                ;
; Ignore GLOBAL Buffers                                                           ; Off                ; Off                ;
; Ignore ROW GLOBAL Buffers                                                       ; Off                ; Off                ;
; Ignore LCELL Buffers                                                            ; Off                ; Off                ;
; Ignore SOFT Buffers                                                             ; On                 ; On                 ;
; Limit AHDL Integers to 32 Bits                                                  ; Off                ; Off                ;
; Optimization Technique                                                          ; Balanced           ; Balanced           ;
; Carry Chain Length                                                              ; 70                 ; 70                 ;
; Auto Carry Chains                                                               ; On                 ; On                 ;
; Auto Open-Drain Pins                                                            ; On                 ; On                 ;
; Perform WYSIWYG Primitive Resynthesis                                           ; Off                ; Off                ;
; Auto ROM Replacement                                                            ; On                 ; On                 ;
; Auto RAM Replacement                                                            ; On                 ; On                 ;
; Auto DSP Block Replacement                                                      ; On                 ; On                 ;
; Auto Shift Register Replacement                                                 ; Auto               ; Auto               ;
; Allow Shift Register Merging across Hierarchies                                 ; Auto               ; Auto               ;
; Auto Clock Enable Replacement                                                   ; On                 ; On                 ;
; Strict RAM Replacement                                                          ; Off                ; Off                ;
; Allow Synchronous Control Signals                                               ; On                 ; On                 ;
; Force Use of Synchronous Clear Signals                                          ; Off                ; Off                ;
; Auto Resource Sharing                                                           ; Off                ; Off                ;
; Allow Any RAM Size For Recognition                                              ; Off                ; Off                ;
; Allow Any ROM Size For Recognition                                              ; Off                ; Off                ;
; Allow Any Shift Register Size For Recognition                                   ; Off                ; Off                ;
; Use LogicLock Constraints during Resource Balancing                             ; On                 ; On                 ;
; Ignore translate_off and synthesis_off directives                               ; Off                ; Off                ;
; Timing-Driven Synthesis                                                         ; On                 ; On                 ;
; Report Parameter Settings                                                       ; On                 ; On                 ;
; Report Source Assignments                                                       ; On                 ; On                 ;
; Report Connectivity Checks                                                      ; On                 ; On                 ;
; Ignore Maximum Fan-Out Assignments                                              ; Off                ; Off                ;
; Synchronization Register Chain Length                                           ; 3                  ; 3                  ;
; Power Optimization During Synthesis                                             ; Normal compilation ; Normal compilation ;
; HDL message level                                                               ; Level2             ; Level2             ;
; Suppress Register Optimization Related Messages                                 ; Off                ; Off                ;
; Number of Removed Registers Reported in Synthesis Report                        ; 5000               ; 5000               ;
; Number of Swept Nodes Reported in Synthesis Report                              ; 5000               ; 5000               ;
; Number of Inverted Registers Reported in Synthesis Report                       ; 100                ; 100                ;
; Clock MUX Protection                                                            ; On                 ; On                 ;
; Auto Gated Clock Conversion                                                     ; Off                ; Off                ;
; Block Design Naming                                                             ; Auto               ; Auto               ;
; SDC constraint protection                                                       ; Off                ; Off                ;
; Synthesis Effort                                                                ; Auto               ; Auto               ;
; Shift Register Replacement - Allow Asynchronous Clear Signal                    ; On                 ; On                 ;
; Pre-Mapping Resynthesis Optimization                                            ; Off                ; Off                ;
; Analysis & Synthesis Message Level                                              ; Medium             ; Medium             ;
; Disable Register Merging Across Hierarchies                                     ; Auto               ; Auto               ;
; Resource Aware Inference For Block RAM                                          ; On                 ; On                 ;
; Automatic Parallel Synthesis                                                    ; On                 ; On                 ;
; Partial Reconfiguration Bitstream ID                                            ; Off                ; Off                ;
+---------------------------------------------------------------------------------+--------------------+--------------------+


+------------------------------------------+
; Parallel Compilation                     ;
+----------------------------+-------------+
; Processors                 ; Number      ;
+----------------------------+-------------+
; Number detected on machine ; 8           ;
; Maximum allowed            ; 4           ;
;                            ;             ;
; Average used               ; 1.00        ;
; Maximum used               ; 4           ;
;                            ;             ;
; Usage by Processor         ; % Time Used ;
;     Processor 1            ; 100.0%      ;
;     Processors 2-4         ;   0.0%      ;
+----------------------------+-------------+


+---------------------------------------------------------------------------------------------------------------------------------------------------------------------------------------------------------------+
; Analysis & Synthesis Source Files Read                                                                                                                                                                        ;
+--------------------------------------------------------+-----------------+------------------------+-------------------------------------------------------------------------------------------------+---------+
; File Name with User-Entered Path                       ; Used in Netlist ; File Type              ; File Name with Absolute Path                                                                    ; Library ;
+--------------------------------------------------------+-----------------+------------------------+-------------------------------------------------------------------------------------------------+---------+
; ../../Verilog_TKS2024/Lab_3_Draft/Verilog/top_clock1.v ; yes             ; User Verilog HDL File  ; C:/Users/Admin/OneDrive/Desktop/Digital_Design/Verilog_TKS2024/Lab_3_Draft/Verilog/top_clock1.v ;         ;
; ../../Verilog_TKS2024/Lab_3_Draft/Verilog/led_y.v      ; yes             ; User Verilog HDL File  ; C:/Users/Admin/OneDrive/Desktop/Digital_Design/Verilog_TKS2024/Lab_3_Draft/Verilog/led_y.v      ;         ;
; ../../Verilog_TKS2024/Lab_3_Draft/Verilog/led_s.v      ; yes             ; User Verilog HDL File  ; C:/Users/Admin/OneDrive/Desktop/Digital_Design/Verilog_TKS2024/Lab_3_Draft/Verilog/led_s.v      ;         ;
; ../../Verilog_TKS2024/Lab_3_Draft/Verilog/led_mon.v    ; yes             ; User Verilog HDL File  ; C:/Users/Admin/OneDrive/Desktop/Digital_Design/Verilog_TKS2024/Lab_3_Draft/Verilog/led_mon.v    ;         ;
; ../../Verilog_TKS2024/Lab_3_Draft/Verilog/led_min.v    ; yes             ; User Verilog HDL File  ; C:/Users/Admin/OneDrive/Desktop/Digital_Design/Verilog_TKS2024/Lab_3_Draft/Verilog/led_min.v    ;         ;
; ../../Verilog_TKS2024/Lab_3_Draft/Verilog/led_h.v      ; yes             ; User Verilog HDL File  ; C:/Users/Admin/OneDrive/Desktop/Digital_Design/Verilog_TKS2024/Lab_3_Draft/Verilog/led_h.v      ;         ;
; ../../Verilog_TKS2024/Lab_3_Draft/Verilog/led_d.v      ; yes             ; User Verilog HDL File  ; C:/Users/Admin/OneDrive/Desktop/Digital_Design/Verilog_TKS2024/Lab_3_Draft/Verilog/led_d.v      ;         ;
; ../../Verilog_TKS2024/Lab_3_Draft/Verilog/count_y.v    ; yes             ; User Verilog HDL File  ; C:/Users/Admin/OneDrive/Desktop/Digital_Design/Verilog_TKS2024/Lab_3_Draft/Verilog/count_y.v    ;         ;
; ../../Verilog_TKS2024/Lab_3_Draft/Verilog/count_s.v    ; yes             ; User Verilog HDL File  ; C:/Users/Admin/OneDrive/Desktop/Digital_Design/Verilog_TKS2024/Lab_3_Draft/Verilog/count_s.v    ;         ;
; ../../Verilog_TKS2024/Lab_3_Draft/Verilog/count_mon.v  ; yes             ; User Verilog HDL File  ; C:/Users/Admin/OneDrive/Desktop/Digital_Design/Verilog_TKS2024/Lab_3_Draft/Verilog/count_mon.v  ;         ;
; ../../Verilog_TKS2024/Lab_3_Draft/Verilog/count_min.v  ; yes             ; User Verilog HDL File  ; C:/Users/Admin/OneDrive/Desktop/Digital_Design/Verilog_TKS2024/Lab_3_Draft/Verilog/count_min.v  ;         ;
; ../../Verilog_TKS2024/Lab_3_Draft/Verilog/count_h.v    ; yes             ; User Verilog HDL File  ; C:/Users/Admin/OneDrive/Desktop/Digital_Design/Verilog_TKS2024/Lab_3_Draft/Verilog/count_h.v    ;         ;
; ../../Verilog_TKS2024/Lab_3_Draft/Verilog/count_d.v    ; yes             ; User Verilog HDL File  ; C:/Users/Admin/OneDrive/Desktop/Digital_Design/Verilog_TKS2024/Lab_3_Draft/Verilog/count_d.v    ;         ;
+--------------------------------------------------------+-----------------+------------------------+-------------------------------------------------------------------------------------------------+---------+


+------------------------------------------------------------+
; Analysis & Synthesis Resource Usage Summary                ;
+---------------------------------------------+--------------+
; Resource                                    ; Usage        ;
+---------------------------------------------+--------------+
; Estimate of Logic utilization (ALMs needed) ; 59           ;
;                                             ;              ;
; Combinational ALUT usage for logic          ; 76           ;
;     -- 7 input functions                    ; 8            ;
;     -- 6 input functions                    ; 33           ;
;     -- 5 input functions                    ; 7            ;
;     -- 4 input functions                    ; 10           ;
;     -- <=3 input functions                  ; 18           ;
;                                             ;              ;
; Dedicated logic registers                   ; 25           ;
;                                             ;              ;
; I/O pins                                    ; 50           ;
;                                             ;              ;
; Total DSP Blocks                            ; 0            ;
;                                             ;              ;
; Maximum fan-out node                        ; switch~input ;
; Maximum fan-out                             ; 28           ;
; Total fan-out                               ; 539          ;
; Average fan-out                             ; 2.68         ;
+---------------------------------------------+--------------+


+-------------------------------------------------------------------------------------------------------------------------------------------------------------------------------------------------+
; Analysis & Synthesis Resource Utilization by Entity                                                                                                                                             ;
+----------------------------+---------------------+---------------------------+-------------------+------------+------+--------------+------------------------------+-------------+--------------+
; Compilation Hierarchy Node ; Combinational ALUTs ; Dedicated Logic Registers ; Block Memory Bits ; DSP Blocks ; Pins ; Virtual Pins ; Full Hierarchy Name          ; Entity Name ; Library Name ;
+----------------------------+---------------------+---------------------------+-------------------+------------+------+--------------+------------------------------+-------------+--------------+
; |top_clock1                ; 76 (13)             ; 25 (0)                    ; 0                 ; 0          ; 50   ; 0            ; |top_clock1                  ; top_clock1  ; work         ;
;    |count_d:dutd|          ; 5 (5)               ; 5 (5)                     ; 0                 ; 0          ; 0    ; 0            ; |top_clock1|count_d:dutd     ; count_d     ; work         ;
;    |count_h:duth|          ; 5 (5)               ; 6 (6)                     ; 0                 ; 0          ; 0    ; 0            ; |top_clock1|count_h:duth     ; count_h     ; work         ;
;    |count_min:dutmin|      ; 8 (8)               ; 7 (7)                     ; 0                 ; 0          ; 0    ; 0            ; |top_clock1|count_min:dutmin ; count_min   ; work         ;
;    |count_s:duts|          ; 8 (8)               ; 7 (7)                     ; 0                 ; 0          ; 0    ; 0            ; |top_clock1|count_s:duts     ; count_s     ; work         ;
;    |led_d:dd|              ; 1 (1)               ; 0 (0)                     ; 0                 ; 0          ; 0    ; 0            ; |top_clock1|led_d:dd         ; led_d       ; work         ;
;    |led_h:dh|              ; 9 (9)               ; 0 (0)                     ; 0                 ; 0          ; 0    ; 0            ; |top_clock1|led_h:dh         ; led_h       ; work         ;
;    |led_min:dmin|          ; 17 (17)             ; 0 (0)                     ; 0                 ; 0          ; 0    ; 0            ; |top_clock1|led_min:dmin     ; led_min     ; work         ;
;    |led_s:ds|              ; 10 (10)             ; 0 (0)                     ; 0                 ; 0          ; 0    ; 0            ; |top_clock1|led_s:ds         ; led_s       ; work         ;
+----------------------------+---------------------+---------------------------+-------------------+------------+------+--------------+------------------------------+-------------+--------------+
Note: For table entries with two numbers listed, the numbers in parentheses indicate the number of resources of the given type used by the specific entity alone. The numbers listed outside of parentheses indicate the total resources of the given type used by the specific entity and all of its sub-entities in the hierarchy.


+--------------------------------------------------------------------------------------+
; Registers Removed During Synthesis                                                   ;
+----------------------------------------+---------------------------------------------+
; Register name                          ; Reason for Removal                          ;
+----------------------------------------+---------------------------------------------+
; count_mon:dutmon|cnt_mon[1..3]         ; Stuck at GND due to stuck port data_in      ;
; count_d:dutd|pulse_mon                 ; Lost fanout                                 ;
; count_mon:dutmon|pulse_y               ; Stuck at GND due to stuck port data_in      ;
; count_mon:dutmon|cnt_mon[0]            ; Stuck at GND due to stuck port clock_enable ;
; count_y:duty|cnt_y[0..6]               ; Stuck at GND due to stuck port clock_enable ;
; Total Number of Removed Registers = 13 ;                                             ;
+----------------------------------------+---------------------------------------------+


+--------------------------------------------------------------------------------------------------------------------------------+
; Removed Registers Triggering Further Register Optimizations                                                                    ;
+-----------------------------+---------------------------+----------------------------------------------------------------------+
; Register name               ; Reason for Removal        ; Registers Removed due to This Register                               ;
+-----------------------------+---------------------------+----------------------------------------------------------------------+
; count_mon:dutmon|pulse_y    ; Stuck at GND              ; count_y:duty|cnt_y[0], count_y:duty|cnt_y[6], count_y:duty|cnt_y[5], ;
;                             ; due to stuck port data_in ; count_y:duty|cnt_y[4], count_y:duty|cnt_y[3], count_y:duty|cnt_y[2], ;
;                             ;                           ; count_y:duty|cnt_y[1]                                                ;
; count_mon:dutmon|cnt_mon[3] ; Stuck at GND              ; count_d:dutd|pulse_mon                                               ;
;                             ; due to stuck port data_in ;                                                                      ;
+-----------------------------+---------------------------+----------------------------------------------------------------------+


+------------------------------------------------------+
; General Register Statistics                          ;
+----------------------------------------------+-------+
; Statistic                                    ; Value ;
+----------------------------------------------+-------+
; Total registers                              ; 25    ;
; Number of registers using Synchronous Clear  ; 0     ;
; Number of registers using Synchronous Load   ; 0     ;
; Number of registers using Asynchronous Clear ; 24    ;
; Number of registers using Asynchronous Load  ; 0     ;
; Number of registers using Clock Enable       ; 9     ;
; Number of registers using Preset             ; 0     ;
+----------------------------------------------+-------+


+------------------------------------------------------------------------------------------------------------------------------------------------------------------------------+
; Port Connectivity Checks: "led_mon:dmon"                                                                                                                                     ;
+---------+-------+----------+-------------------------------------------------------------------------------------------------------------------------------------------------+
; Port    ; Type  ; Severity ; Details                                                                                                                                         ;
+---------+-------+----------+-------------------------------------------------------------------------------------------------------------------------------------------------+
; cnt_mon ; Input ; Warning  ; Input port expression (4 bits) is smaller than the input port (5 bits) it drives.  Extra input bit(s) "cnt_mon[4..4]" will be connected to GND. ;
+---------+-------+----------+-------------------------------------------------------------------------------------------------------------------------------------------------+


+-----------------------------------------------------+
; Post-Synthesis Netlist Statistics for Top Partition ;
+-----------------------+-----------------------------+
; Type                  ; Count                       ;
+-----------------------+-----------------------------+
; arriav_ff             ; 25                          ;
;     CLR               ; 15                          ;
;     ENA CLR           ; 9                           ;
;     plain             ; 1                           ;
; arriav_lcell_comb     ; 77                          ;
;     extend            ; 8                           ;
;         7 data inputs ; 8                           ;
;     normal            ; 69                          ;
;         0 data inputs ; 1                           ;
;         1 data inputs ; 3                           ;
;         2 data inputs ; 10                          ;
;         3 data inputs ; 5                           ;
;         4 data inputs ; 10                          ;
;         5 data inputs ; 7                           ;
;         6 data inputs ; 33                          ;
; boundary_port         ; 50                          ;
;                       ;                             ;
; Max LUT depth         ; 2.00                        ;
; Average LUT depth     ; 1.51                        ;
+-----------------------+-----------------------------+


+-------------------------------+
; Elapsed Time Per Partition    ;
+----------------+--------------+
; Partition Name ; Elapsed Time ;
+----------------+--------------+
; Top            ; 00:00:00     ;
+----------------+--------------+


+-------------------------------+
; Analysis & Synthesis Messages ;
+-------------------------------+
Info: *******************************************************************
Info: Running Quartus Prime Analysis & Synthesis
    Info: Version 23.1std.0 Build 991 11/28/2023 SC Lite Edition
    Info: Processing started: Thu Apr  4 11:03:35 2024
Info: Command: quartus_map --read_settings_files=on --write_settings_files=off top_clock1 -c top_clock1
Warning (18236): Number of processors has not been specified which may cause overloading on shared machines.  Set the global assignment NUM_PARALLEL_PROCESSORS in your QSF to an appropriate value for best performance.
Info (20030): Parallel compilation is enabled and will use 4 of the 4 processors detected
Info (12021): Found 1 design units, including 1 entities, in source file /users/admin/onedrive/desktop/digital_design/verilog_tks2024/lab_3_draft/verilog/top_clock1.v
    Info (12023): Found entity 1: top_clock1 File: C:/Users/Admin/OneDrive/Desktop/Digital_Design/Verilog_TKS2024/Lab_3_Draft/Verilog/top_clock1.v Line: 1
Info (12021): Found 1 design units, including 1 entities, in source file /users/admin/onedrive/desktop/digital_design/verilog_tks2024/lab_3_draft/verilog/led_y.v
    Info (12023): Found entity 1: led_y File: C:/Users/Admin/OneDrive/Desktop/Digital_Design/Verilog_TKS2024/Lab_3_Draft/Verilog/led_y.v Line: 1
Info (12021): Found 1 design units, including 1 entities, in source file /users/admin/onedrive/desktop/digital_design/verilog_tks2024/lab_3_draft/verilog/led_s.v
    Info (12023): Found entity 1: led_s File: C:/Users/Admin/OneDrive/Desktop/Digital_Design/Verilog_TKS2024/Lab_3_Draft/Verilog/led_s.v Line: 1
Info (12021): Found 1 design units, including 1 entities, in source file /users/admin/onedrive/desktop/digital_design/verilog_tks2024/lab_3_draft/verilog/led_mon.v
    Info (12023): Found entity 1: led_mon File: C:/Users/Admin/OneDrive/Desktop/Digital_Design/Verilog_TKS2024/Lab_3_Draft/Verilog/led_mon.v Line: 1
Info (12021): Found 1 design units, including 1 entities, in source file /users/admin/onedrive/desktop/digital_design/verilog_tks2024/lab_3_draft/verilog/led_min.v
    Info (12023): Found entity 1: led_min File: C:/Users/Admin/OneDrive/Desktop/Digital_Design/Verilog_TKS2024/Lab_3_Draft/Verilog/led_min.v Line: 1
Info (12021): Found 1 design units, including 1 entities, in source file /users/admin/onedrive/desktop/digital_design/verilog_tks2024/lab_3_draft/verilog/led_h.v
    Info (12023): Found entity 1: led_h File: C:/Users/Admin/OneDrive/Desktop/Digital_Design/Verilog_TKS2024/Lab_3_Draft/Verilog/led_h.v Line: 1
Info (12021): Found 1 design units, including 1 entities, in source file /users/admin/onedrive/desktop/digital_design/verilog_tks2024/lab_3_draft/verilog/led_d.v
    Info (12023): Found entity 1: led_d File: C:/Users/Admin/OneDrive/Desktop/Digital_Design/Verilog_TKS2024/Lab_3_Draft/Verilog/led_d.v Line: 1
Info (12021): Found 1 design units, including 1 entities, in source file /users/admin/onedrive/desktop/digital_design/verilog_tks2024/lab_3_draft/verilog/count_y.v
    Info (12023): Found entity 1: count_y File: C:/Users/Admin/OneDrive/Desktop/Digital_Design/Verilog_TKS2024/Lab_3_Draft/Verilog/count_y.v Line: 1
Info (12021): Found 1 design units, including 1 entities, in source file /users/admin/onedrive/desktop/digital_design/verilog_tks2024/lab_3_draft/verilog/count_s.v
    Info (12023): Found entity 1: count_s File: C:/Users/Admin/OneDrive/Desktop/Digital_Design/Verilog_TKS2024/Lab_3_Draft/Verilog/count_s.v Line: 1
Info (12021): Found 1 design units, including 1 entities, in source file /users/admin/onedrive/desktop/digital_design/verilog_tks2024/lab_3_draft/verilog/count_mon.v
    Info (12023): Found entity 1: count_mon File: C:/Users/Admin/OneDrive/Desktop/Digital_Design/Verilog_TKS2024/Lab_3_Draft/Verilog/count_mon.v Line: 1
Info (12021): Found 1 design units, including 1 entities, in source file /users/admin/onedrive/desktop/digital_design/verilog_tks2024/lab_3_draft/verilog/count_min.v
    Info (12023): Found entity 1: count_min File: C:/Users/Admin/OneDrive/Desktop/Digital_Design/Verilog_TKS2024/Lab_3_Draft/Verilog/count_min.v Line: 1
Info (12021): Found 1 design units, including 1 entities, in source file /users/admin/onedrive/desktop/digital_design/verilog_tks2024/lab_3_draft/verilog/count_h.v
    Info (12023): Found entity 1: count_h File: C:/Users/Admin/OneDrive/Desktop/Digital_Design/Verilog_TKS2024/Lab_3_Draft/Verilog/count_h.v Line: 1
Info (12021): Found 1 design units, including 1 entities, in source file /users/admin/onedrive/desktop/digital_design/verilog_tks2024/lab_3_draft/verilog/count_d.v
    Info (12023): Found entity 1: count_d File: C:/Users/Admin/OneDrive/Desktop/Digital_Design/Verilog_TKS2024/Lab_3_Draft/Verilog/count_d.v Line: 1
Info (12127): Elaborating entity "top_clock1" for the top level hierarchy
Info (12128): Elaborating entity "count_s" for hierarchy "count_s:duts" File: C:/Users/Admin/OneDrive/Desktop/Digital_Design/Verilog_TKS2024/Lab_3_Draft/Verilog/top_clock1.v Line: 23
Warning (10230): Verilog HDL assignment warning at count_s.v(18): truncated value with size 32 to match size of target (6) File: C:/Users/Admin/OneDrive/Desktop/Digital_Design/Verilog_TKS2024/Lab_3_Draft/Verilog/count_s.v Line: 18
Info (12128): Elaborating entity "count_min" for hierarchy "count_min:dutmin" File: C:/Users/Admin/OneDrive/Desktop/Digital_Design/Verilog_TKS2024/Lab_3_Draft/Verilog/top_clock1.v Line: 31
Warning (10230): Verilog HDL assignment warning at count_min.v(25): truncated value with size 32 to match size of target (6) File: C:/Users/Admin/OneDrive/Desktop/Digital_Design/Verilog_TKS2024/Lab_3_Draft/Verilog/count_min.v Line: 25
Info (12128): Elaborating entity "count_h" for hierarchy "count_h:duth" File: C:/Users/Admin/OneDrive/Desktop/Digital_Design/Verilog_TKS2024/Lab_3_Draft/Verilog/top_clock1.v Line: 39
Warning (10230): Verilog HDL assignment warning at count_h.v(25): truncated value with size 32 to match size of target (5) File: C:/Users/Admin/OneDrive/Desktop/Digital_Design/Verilog_TKS2024/Lab_3_Draft/Verilog/count_h.v Line: 25
Info (12128): Elaborating entity "count_d" for hierarchy "count_d:dutd" File: C:/Users/Admin/OneDrive/Desktop/Digital_Design/Verilog_TKS2024/Lab_3_Draft/Verilog/top_clock1.v Line: 49
Warning (10230): Verilog HDL assignment warning at count_d.v(46): truncated value with size 32 to match size of target (5) File: C:/Users/Admin/OneDrive/Desktop/Digital_Design/Verilog_TKS2024/Lab_3_Draft/Verilog/count_d.v Line: 46
Info (12128): Elaborating entity "count_mon" for hierarchy "count_mon:dutmon" File: C:/Users/Admin/OneDrive/Desktop/Digital_Design/Verilog_TKS2024/Lab_3_Draft/Verilog/top_clock1.v Line: 57
Info (12128): Elaborating entity "count_y" for hierarchy "count_y:duty" File: C:/Users/Admin/OneDrive/Desktop/Digital_Design/Verilog_TKS2024/Lab_3_Draft/Verilog/top_clock1.v Line: 64
Warning (10230): Verilog HDL assignment warning at count_y.v(21): truncated value with size 32 to match size of target (7) File: C:/Users/Admin/OneDrive/Desktop/Digital_Design/Verilog_TKS2024/Lab_3_Draft/Verilog/count_y.v Line: 21
Info (12128): Elaborating entity "led_s" for hierarchy "led_s:ds" File: C:/Users/Admin/OneDrive/Desktop/Digital_Design/Verilog_TKS2024/Lab_3_Draft/Verilog/top_clock1.v Line: 69
Info (12128): Elaborating entity "led_min" for hierarchy "led_min:dmin" File: C:/Users/Admin/OneDrive/Desktop/Digital_Design/Verilog_TKS2024/Lab_3_Draft/Verilog/top_clock1.v Line: 74
Info (12128): Elaborating entity "led_h" for hierarchy "led_h:dh" File: C:/Users/Admin/OneDrive/Desktop/Digital_Design/Verilog_TKS2024/Lab_3_Draft/Verilog/top_clock1.v Line: 79
Info (12128): Elaborating entity "led_d" for hierarchy "led_d:dd" File: C:/Users/Admin/OneDrive/Desktop/Digital_Design/Verilog_TKS2024/Lab_3_Draft/Verilog/top_clock1.v Line: 84
Info (12128): Elaborating entity "led_mon" for hierarchy "led_mon:dmon" File: C:/Users/Admin/OneDrive/Desktop/Digital_Design/Verilog_TKS2024/Lab_3_Draft/Verilog/top_clock1.v Line: 89
Info (12128): Elaborating entity "led_y" for hierarchy "led_y:dy" File: C:/Users/Admin/OneDrive/Desktop/Digital_Design/Verilog_TKS2024/Lab_3_Draft/Verilog/top_clock1.v Line: 94
Info (276014): Found 5 instances of uninferred RAM logic
    Info (276004): RAM logic "led_y:dy|Ram0" is uninferred due to inappropriate RAM size File: C:/Users/Admin/OneDrive/Desktop/Digital_Design/Verilog_TKS2024/Lab_3_Draft/Verilog/led_y.v Line: 7
    Info (276004): RAM logic "led_d:dd|Ram0" is uninferred due to inappropriate RAM size File: C:/Users/Admin/OneDrive/Desktop/Digital_Design/Verilog_TKS2024/Lab_3_Draft/Verilog/led_d.v Line: 7
    Info (276004): RAM logic "led_h:dh|Ram0" is uninferred due to inappropriate RAM size File: C:/Users/Admin/OneDrive/Desktop/Digital_Design/Verilog_TKS2024/Lab_3_Draft/Verilog/led_h.v Line: 8
    Info (276004): RAM logic "led_min:dmin|Ram0" is uninferred due to inappropriate RAM size File: C:/Users/Admin/OneDrive/Desktop/Digital_Design/Verilog_TKS2024/Lab_3_Draft/Verilog/led_min.v Line: 7
    Info (276004): RAM logic "led_s:ds|Ram0" is uninferred due to inappropriate RAM size File: C:/Users/Admin/OneDrive/Desktop/Digital_Design/Verilog_TKS2024/Lab_3_Draft/Verilog/led_s.v Line: 7
Warning (12241): 1 hierarchies have connectivity warnings - see the Connectivity Checks report folder
Warning (13024): Output pins are stuck at VCC or GND
    Warning (13410): Pin "segment[7]" is stuck at VCC File: C:/Users/Admin/OneDrive/Desktop/Digital_Design/Verilog_TKS2024/Lab_3_Draft/Verilog/top_clock1.v Line: 6
    Warning (13410): Pin "segment[21]" is stuck at VCC File: C:/Users/Admin/OneDrive/Desktop/Digital_Design/Verilog_TKS2024/Lab_3_Draft/Verilog/top_clock1.v Line: 6
    Warning (13410): Pin "segment[35]" is stuck at VCC File: C:/Users/Admin/OneDrive/Desktop/Digital_Design/Verilog_TKS2024/Lab_3_Draft/Verilog/top_clock1.v Line: 6
Info (286030): Timing-Driven Synthesis is running
Info (17049): 1 registers lost all their fanouts during netlist optimizations.
Info (16010): Generating hard_block partition "hard_block:auto_generated_inst"
    Info (16011): Adding 0 node(s), including 0 DDIO, 0 PLL, 0 transceiver and 0 LCELL
Warning (21074): Design contains 2 input pin(s) that do not drive logic
    Warning (15610): No output dependent on input pin "set_mon" File: C:/Users/Admin/OneDrive/Desktop/Digital_Design/Verilog_TKS2024/Lab_3_Draft/Verilog/top_clock1.v Line: 4
    Warning (15610): No output dependent on input pin "set_y" File: C:/Users/Admin/OneDrive/Desktop/Digital_Design/Verilog_TKS2024/Lab_3_Draft/Verilog/top_clock1.v Line: 4
Info (21057): Implemented 126 device resources after synthesis - the final resource count might be different
    Info (21058): Implemented 8 input pins
    Info (21059): Implemented 42 output pins
    Info (21061): Implemented 76 logic cells
Info: Quartus Prime Analysis & Synthesis was successful. 0 errors, 14 warnings
    Info: Peak virtual memory: 4828 megabytes
    Info: Processing ended: Thu Apr  4 11:03:48 2024
    Info: Elapsed time: 00:00:13
    Info: Total CPU time (on all processors): 00:00:18


